# JRE version: Java(TM) SE Runtime Environment (19.0.1+10) (build 19.0.1+10-21)
# Java VM: Java HotSpot(TM) 64-Bit Server VM (19.0.1+10-21, mixed mode, emulated-client, sharing, tiered, compressed oops, compressed class ptrs, g1 gc, windows-amd64)
GC Precious Log:
 CardTable entry size: 512
 Card Set container configuration: InlinePtr #cards 4 size 8 Array Of Cards #cards 16 size 48 Howl #buckets 8 coarsen threshold 3686 Howl Bitmap #cards 512 size 80 coarsen threshold 460 Card regions per heap region 1 cards per card region 4096
 CPUs: 6 total, 6 available
 Memory: 16254M
 Large Page Support: Disabled
 NUMA Support: Disabled
 Compressed Oops: Enabled (Zero based)
 Heap Region Size: 2M
 Heap Min Capacity: 8M
 Heap Initial Capacity: 254M
 Heap Max Capacity: 4064M
 Pre-touch: Disabled
 Parallel Workers: 6
 Concurrent Workers: 2
 Concurrent Refinement Workers: 6
 Periodic GC: Disabled
Heap:
 garbage-first heap   total 172032K, used 46315K [0x0000000702000000, 0x0000000800000000)
  region size 2048K, 2 young (4096K), 0 survivors (0K)
 Metaspace       used 94266K, committed 95488K, reserved 1179648K
  class space    used 12980K, committed 13568K, reserved 1048576K
GC Heap History (20 events):
Event: 3.347 GC heap before
{Heap before GC invocations=11 (full 0):
 garbage-first heap   total 96256K, used 70073K [0x0000000702000000, 0x0000000800000000)
  region size 2048K, 22 young (45056K), 1 survivors (2048K)
 Metaspace       used 44093K, committed 44736K, reserved 1114112K
  class space    used 5618K, committed 5952K, reserved 1048576K
}
Event: 3.348 GC heap after
{Heap after GC invocations=12 (full 0):
 garbage-first heap   total 96256K, used 26597K [0x0000000702000000, 0x0000000800000000)
  region size 2048K, 1 young (2048K), 1 survivors (2048K)
 Metaspace       used 44093K, committed 44736K, reserved 1114112K
  class space    used 5618K, committed 5952K, reserved 1048576K
}
Event: 3.736 GC heap before
{Heap before GC invocations=12 (full 0):
 garbage-first heap   total 96256K, used 71653K [0x0000000702000000, 0x0000000800000000)
  region size 2048K, 23 young (47104K), 1 survivors (2048K)
 Metaspace       used 46702K, committed 47296K, reserved 1114112K
  class space    used 5939K, committed 6208K, reserved 1048576K
}
Event: 3.737 GC heap after
{Heap after GC invocations=13 (full 0):
 garbage-first heap   total 96256K, used 27556K [0x0000000702000000, 0x0000000800000000)
  region size 2048K, 1 young (2048K), 1 survivors (2048K)
 Metaspace       used 46702K, committed 47296K, reserved 1114112K
  class space    used 5939K, committed 6208K, reserved 1048576K
}
Event: 4.432 GC heap before
{Heap before GC invocations=13 (full 0):
 garbage-first heap   total 96256K, used 74660K [0x0000000702000000, 0x0000000800000000)
  region size 2048K, 24 young (49152K), 1 survivors (2048K)
 Metaspace       used 58131K, committed 58816K, reserved 1114112K
  class space    used 7573K, committed 7872K, reserved 1048576K
}
Event: 4.435 GC heap after
{Heap after GC invocations=14 (full 0):
 garbage-first heap   total 96256K, used 29919K [0x0000000702000000, 0x0000000800000000)
  region size 2048K, 2 young (4096K), 2 survivors (4096K)
 Metaspace       used 58131K, committed 58816K, reserved 1114112K
  class space    used 7573K, committed 7872K, reserved 1048576K
}
Event: 4.522 GC heap before
{Heap before GC invocations=14 (full 0):
 garbage-first heap   total 96256K, used 34015K [0x0000000702000000, 0x0000000800000000)
  region size 2048K, 5 young (10240K), 2 survivors (4096K)
 Metaspace       used 60161K, committed 60800K, reserved 1114112K
  class space    used 7804K, committed 8064K, reserved 1048576K
}
Event: 4.525 GC heap after
{Heap after GC invocations=15 (full 0):
 garbage-first heap   total 96256K, used 30375K [0x0000000702000000, 0x0000000800000000)
  region size 2048K, 2 young (4096K), 2 survivors (4096K)
 Metaspace       used 60161K, committed 60800K, reserved 1114112K
  class space    used 7804K, committed 8064K, reserved 1048576K
}
Event: 5.205 GC heap before
{Heap before GC invocations=16 (full 0):
 garbage-first heap   total 96256K, used 75431K [0x0000000702000000, 0x0000000800000000)
  region size 2048K, 24 young (49152K), 2 survivors (4096K)
 Metaspace       used 70182K, committed 70912K, reserved 1114112K
  class space    used 9413K, committed 9792K, reserved 1048576K
}
Event: 5.209 GC heap after
{Heap after GC invocations=17 (full 0):
 garbage-first heap   total 96256K, used 32968K [0x0000000702000000, 0x0000000800000000)
  region size 2048K, 3 young (6144K), 3 survivors (6144K)
 Metaspace       used 70182K, committed 70912K, reserved 1114112K
  class space    used 9413K, committed 9792K, reserved 1048576K
}
Event: 5.230 GC heap before
{Heap before GC invocations=17 (full 0):
 garbage-first heap   total 96256K, used 35016K [0x0000000702000000, 0x0000000800000000)
  region size 2048K, 4 young (8192K), 3 survivors (6144K)
 Metaspace       used 70380K, committed 71168K, reserved 1114112K
  class space    used 9460K, committed 9856K, reserved 1048576K
}
Event: 5.234 GC heap after
{Heap after GC invocations=18 (full 0):
 garbage-first heap   total 96256K, used 33142K [0x0000000702000000, 0x0000000800000000)
  region size 2048K, 1 young (2048K), 1 survivors (2048K)
 Metaspace       used 70380K, committed 71168K, reserved 1114112K
  class space    used 9460K, committed 9856K, reserved 1048576K
}
Event: 5.621 GC heap before
{Heap before GC invocations=18 (full 0):
 garbage-first heap   total 96256K, used 74102K [0x0000000702000000, 0x0000000800000000)
  region size 2048K, 22 young (45056K), 1 survivors (2048K)
 Metaspace       used 76540K, committed 77248K, reserved 1179648K
  class space    used 10543K, committed 10880K, reserved 1048576K
}
Event: 5.624 GC heap after
{Heap after GC invocations=19 (full 0):
 garbage-first heap   total 192512K, used 35735K [0x0000000702000000, 0x0000000800000000)
  region size 2048K, 2 young (4096K), 2 survivors (4096K)
 Metaspace       used 76540K, committed 77248K, reserved 1179648K
  class space    used 10543K, committed 10880K, reserved 1048576K
}
Event: 16.829 GC heap before
{Heap before GC invocations=19 (full 0):
 garbage-first heap   total 192512K, used 146327K [0x0000000702000000, 0x0000000800000000)
  region size 2048K, 56 young (114688K), 2 survivors (4096K)
 Metaspace       used 86071K, committed 86976K, reserved 1179648K
  class space    used 11910K, committed 12352K, reserved 1048576K
}
Event: 16.842 GC heap after
{Heap after GC invocations=20 (full 0):
 garbage-first heap   total 192512K, used 43039K [0x0000000702000000, 0x0000000800000000)
  region size 2048K, 6 young (12288K), 6 survivors (12288K)
 Metaspace       used 86071K, committed 86976K, reserved 1179648K
  class space    used 11910K, committed 12352K, reserved 1048576K
}
Event: 41.354 GC heap before
{Heap before GC invocations=20 (full 0):
 garbage-first heap   total 192512K, used 145439K [0x0000000702000000, 0x0000000800000000)
  region size 2048K, 56 young (114688K), 6 survivors (12288K)
 Metaspace       used 94143K, committed 95424K, reserved 1179648K
  class space    used 12956K, committed 13568K, reserved 1048576K
}
Event: 41.364 GC heap after
{Heap after GC invocations=21 (full 0):
 garbage-first heap   total 192512K, used 53156K [0x0000000702000000, 0x0000000800000000)
  region size 2048K, 7 young (14336K), 7 survivors (14336K)
 Metaspace       used 94143K, committed 95424K, reserved 1179648K
  class space    used 12956K, committed 13568K, reserved 1048576K
}
Event: 111.987 GC heap before
{Heap before GC invocations=21 (full 0):
 garbage-first heap   total 192512K, used 65444K [0x0000000702000000, 0x0000000800000000)
  region size 2048K, 14 young (28672K), 7 survivors (14336K)
 Metaspace       used 94279K, committed 95488K, reserved 1179648K
  class space    used 12981K, committed 13568K, reserved 1048576K
}
Event: 112.034 GC heap after
{Heap after GC invocations=22 (full 1):
 garbage-first heap   total 172032K, used 44267K [0x0000000702000000, 0x0000000800000000)
  region size 2048K, 0 young (0K), 0 survivors (0K)
 Metaspace       used 94262K, committed 95488K, reserved 1179648K
  class space    used 12978K, committed 13568K, reserved 1048576K
}

